2018-07-25 21:34:34 6216610800000000001 登录成功
2018-07-26 21:31:38 egon 登录成功
2018-07-26 22:49:55 6216610800000000002 登录成功
2018-07-26 22:50:27 6216610800000000002 消费 50.00元
2018-07-26 22:51:47 6216610800000000001 登录失败
2018-07-26 22:51:49 6216610800000000001 登录失败
2018-07-26 22:51:56 6216610800000000001 登录失败
2018-07-26 22:52:18 6216610800000000001 登录成功
2018-07-26 22:53:32 6216610800000000001 登录失败
2018-07-26 22:53:35 6216610800000000001 登录失败
2018-07-26 22:53:37 6216610800000000001 登录失败
2018-07-26 22:53:48 6216610800000000001 登录失败
2018-07-26 22:53:53 6216610800000000001 登录失败
2018-07-26 22:54:09 quti 登录失败
2018-07-26 23:01:20 6216610800000000001 登录失败
2018-07-26 23:01:33 6216610800000000001 登录失败
2018-07-26 23:01:35 6216610800000000001 登录失败
2018-07-26 23:01:37 6216610800000000001 登录失败
2018-07-26 23:01:41 6216610800000000001 登录失败
2018-07-26 23:02:39 6216610800000000002 登录失败
2018-07-26 23:02:41 6216610800000000001 登录失败
2018-07-26 23:02:43 6216610800000000001 登录失败
2018-07-26 23:03:10 6216610800000000001 登录成功
2018-07-26 23:03:46 6216610800000000002 登录失败
2018-07-26 23:03:48 6216610800000000002 登录失败
2018-07-26 23:03:51 6216610800000000002 登录失败
2018-07-26 23:04:12 6216610800000000002 登录失败
2018-07-26 23:05:14 6216610800000000001 登录成功
2018-07-26 23:05:47 6216610800000000001 转账 6216610800000000002 金额 150.00元
2018-07-28 23:03:07 6216610800000000002 登录成功 支付接口
2018-07-28 23:03:10 6216610800000000002 消费 金额 39.00元
2018-07-28 23:08:44 6216610800000000002 登录成功 支付接口
2018-07-28 23:13:15 6216610800000000002 消费 金额 39.00元
2018-07-28 23:19:05 6216610800000000002 消费 金额 39.00元
2018-07-28 23:22:03 6216610800000000002 消费 金额 0.00元
2018-07-28 23:24:05 6216610800000000002 消费 金额 10.00元
2018-07-28 23:30:01 6216610800000000002 登录成功 支付接口
2018-07-28 23:33:02 6216610800000000002 消费 金额 12.50元
2018-07-28 23:46:03 6216610800000000002 消费 金额 10.00元
2018-07-28 23:47:47 6216610800000000002 消费 金额 2.00元
2018-07-29 09:05:13 6216610800000000002 消费 金额 17.00元
2018-07-29 09:19:21 6216610800000000004 登录失败 支付接口
2018-07-29 09:19:27 6216610800000000003 登录成功 支付接口
2018-07-29 09:19:29 6216610800000000003 消费 金额 14.50元
2018-07-29 09:54:04 6216610800000000001 登录失败
2018-07-29 09:54:08 6216610800000000001 登录成功
2018-07-29 09:54:44 6216610800000000001 修改密码
2018-07-29 09:56:01 6216610800000000001 登录成功
2018-07-29 09:56:35 6216610800000000001 修改密码
