2018-07-26 21:34:12 alex 登录失败
2018-07-26 21:34:30 egon 登录失败
2018-07-26 21:34:43 egon 登录失败
2018-07-26 21:34:54 egon 登录失败
2018-07-26 21:35:00 egon 登录失败
2018-07-26 21:35:29 egon 登录成功
2018-07-26 23:10:42 alex 登录失败
2018-07-26 23:10:52 egon 登录成功
2018-07-27 18:50:48 egon 登录成功
2018-07-27 18:54:30 egon 登录成功
2018-07-27 19:04:01 egon 登录成功
2018-07-27 19:34:14 egon 登录成功
2018-07-27 19:44:26 egon 登录成功
2018-07-27 19:45:13 egon 登录成功
2018-07-27 21:22:50 egon 登录成功
2018-07-27 21:25:47 egon 登录成功
2018-07-27 21:26:45 egon 登录成功
2018-07-27 21:27:46 egon 登录成功
2018-07-27 21:29:14 egon 登录成功
2018-07-27 23:19:15 egon 登录成功
2018-07-27 23:19:59 egon 登录成功
2018-07-27 23:24:10 egon 登录成功
2018-07-27 23:28:56 egon 登录成功
2018-07-27 23:32:18 egon 登录成功
2018-07-27 23:33:48 egon 登录成功
2018-07-27 23:42:24 egon 登录成功
2018-07-27 23:44:19 egon 登录成功
2018-07-27 23:54:56 egon 登录成功
2018-07-27 23:58:49 egnon 登录失败
2018-07-27 23:58:53 egon 登录成功
2018-07-28 00:04:38 egon 登录成功
2018-07-28 00:05:56 egon 登录成功
2018-07-28 00:10:56 egon 登录成功
2018-07-28 00:12:42 egon 登录成功
2018-07-28 00:18:26 egon 登录成功
2018-07-28 00:20:22 egon 登录成功
2018-07-28 00:25:42 engo 登录失败
2018-07-28 23:13:06 ale 登录失败
2018-07-29 09:18:29 seven 商品 2 加入购物车
2018-07-29 09:18:34 seven 商品 6 加入购物车
2018-07-29 09:19:29 seven 支付 14.5 清空购物车
